0.200000
0.939000
0.809000
0.689000
0.270000
0.621000
0.125000
0.264000
0.495000
0.306000
0.469000
0.383000
0.770000
0.671000
0.253000
0.507000
0.217000
0.525000
0.572000
0.021000
841.000000
89.000000
820.000000
122.000000
744.000000
797.000000
361.000000
259.000000
19.000000
435.000000
692.046997
384.713989
988.387024
221.516006
712.367981
355.144012
474.428986
918.090027
835.450012
323.723999
353.307007
960.799011
782.179016
238.714996
504.076996
517.143005
836.807983
150.449005
324.067993
349.014008
351.384003
17.454000
897.642029
48.416000
711.744995
416.330994
946.348999
402.770996
574.833984
317.115997
694.176025
114.248001
431.683014
101.891998
506.846985
24.242001
863.343018
264.421997
246.307007
545.979980
8.906000
858.554016
962.088989
588.031006
608.047974
177.641998
8.496000
460.306000
389.308990
321.169006
