O valor do i é: 0
Palavra: administer, custa: 100000
O valor do i é: 1
Palavra: spending, custa: 200000
O valor do i é: 2
Palavra: manage, custa: 50000
O valor do i é: 3
Palavra: responsibility, custa: 25000
O valor do i é: 4
Palavra: expertise, custa: 100
O valor do i é: 5
Palavra: skill, custa: 50
O valor do i é: 6
Palavra: money, custa: 75000
Palavra escaneada: the
Palavra testada: P׺6
Palavra testada: spending
Palavra testada: manage
Palavra testada: responsibility
Palavra testada: expertise
Palavra testada: skill
Palavra testada: money
Palavra escaneada: incumbent
Palavra testada: P׺6
Palavra testada: spending
Palavra testada: manage
Palavra testada: responsibility
Palavra testada: expertise
Palavra testada: skill
Palavra testada: money
Palavra escaneada: will
Palavra testada: P׺6
Palavra testada: spending
Palavra testada: manage
Palavra testada: responsibility
Palavra testada: expertise
Palavra testada: skill
Palavra testada: money
Palavra escaneada: administer
Palavra testada: P׺6
Palavra testada: spending
Palavra testada: manage
Palavra testada: responsibility
Palavra testada: expertise
Palavra testada: skill
Palavra testada: money
Palavra escaneada: the
Palavra testada: P׺6
Palavra testada: spending
Palavra testada: manage
Palavra testada: responsibility
Palavra testada: expertise
Palavra testada: skill
Palavra testada: money
Palavra escaneada: spending
Palavra testada: P׺6
Palavra testada: spending
spending eh igual a spending
Palavra escaneada: of
Palavra testada: P׺6
Palavra testada: spending
Palavra testada: manage
Palavra testada: responsibility
Palavra testada: expertise
Palavra testada: skill
Palavra testada: money
Palavra escaneada: kindergarden
Palavra testada: P׺6
Palavra testada: spending
Palavra testada: manage
Palavra testada: responsibility
Palavra testada: expertise
Palavra testada: skill
Palavra testada: money
Palavra escaneada: milk
Palavra testada: P׺6
Palavra testada: spending
Palavra testada: manage
Palavra testada: responsibility
Palavra testada: expertise
Palavra testada: skill
Palavra testada: money
Palavra escaneada: money
Palavra testada: P׺6
Palavra testada: spending
Palavra testada: manage
Palavra testada: responsibility
Palavra testada: expertise
Palavra testada: skill
Palavra testada: money
money eh igual a money
Palavra escaneada: and
Palavra testada: P׺6
Palavra testada: spending
Palavra testada: manage
Palavra testada: responsibility
Palavra testada: expertise
Palavra testada: skill
Palavra testada: money
Palavra escaneada: exercise
Palavra testada: P׺6
Palavra testada: spending
Palavra testada: manage
Palavra testada: responsibility
Palavra testada: expertise
Palavra testada: skill
Palavra testada: money
Palavra escaneada: responsibility
Palavra testada: P׺6
Palavra testada: spending
Palavra testada: manage
Palavra testada: responsibility
responsibility eh igual a responsibility
Palavra escaneada: for
Palavra testada: P׺6
Palavra testada: spending
Palavra testada: manage
Palavra testada: responsibility
Palavra testada: expertise
Palavra testada: skill
Palavra testada: money
Palavra escaneada: making
Palavra testada: P׺6
Palavra testada: spending
Palavra testada: manage
Palavra testada: responsibility
Palavra testada: expertise
Palavra testada: skill
Palavra testada: money
Palavra escaneada: change
Palavra testada: P׺6
Palavra testada: spending
Palavra testada: manage
Palavra testada: responsibility
Palavra testada: expertise
Palavra testada: skill
Palavra testada: money
Palavra escaneada: he
Palavra testada: P׺6
Palavra testada: spending
Palavra testada: manage
Palavra testada: responsibility
Palavra testada: expertise
Palavra testada: skill
Palavra testada: money
Palavra escaneada: or
Palavra testada: P׺6
Palavra testada: spending
Palavra testada: manage
Palavra testada: responsibility
Palavra testada: expertise
Palavra testada: skill
Palavra testada: money
Palavra escaneada: she
Palavra testada: P׺6
Palavra testada: spending
Palavra testada: manage
Palavra testada: responsibility
Palavra testada: expertise
Palavra testada: skill
Palavra testada: money
Palavra escaneada: will
Palavra testada: P׺6
Palavra testada: spending
Palavra testada: manage
Palavra testada: responsibility
Palavra testada: expertise
Palavra testada: skill
Palavra testada: money
Palavra escaneada: share
Palavra testada: P׺6
Palavra testada: spending
Palavra testada: manage
Palavra testada: responsibility
Palavra testada: expertise
Palavra testada: skill
Palavra testada: money
Palavra escaneada: responsibility
Palavra testada: P׺6
Palavra testada: spending
Palavra testada: manage
Palavra testada: responsibility
responsibility eh igual a responsibility
Palavra escaneada: for
Palavra testada: P׺6
Palavra testada: spending
Palavra testada: manage
Palavra testada: responsibility
Palavra testada: expertise
Palavra testada: skill
Palavra testada: money
Palavra escaneada: the
Palavra testada: P׺6
Palavra testada: spending
Palavra testada: manage
Palavra testada: responsibility
Palavra testada: expertise
Palavra testada: skill
Palavra testada: money
Palavra escaneada: task
Palavra testada: P׺6
Palavra testada: spending
Palavra testada: manage
Palavra testada: responsibility
Palavra testada: expertise
Palavra testada: skill
Palavra testada: money
Palavra escaneada: of
Palavra testada: P׺6
Palavra testada: spending
Palavra testada: manage
Palavra testada: responsibility
Palavra testada: expertise
Palavra testada: skill
Palavra testada: money
Palavra escaneada: managing
Palavra testada: P׺6
Palavra testada: spending
Palavra testada: manage
Palavra testada: responsibility
Palavra testada: expertise
Palavra testada: skill
Palavra testada: money
Palavra escaneada: the
Palavra testada: P׺6
Palavra testada: spending
Palavra testada: manage
Palavra testada: responsibility
Palavra testada: expertise
Palavra testada: skill
Palavra testada: money
Palavra escaneada: money
Palavra testada: P׺6
Palavra testada: spending
Palavra testada: manage
Palavra testada: responsibility
Palavra testada: expertise
Palavra testada: skill
Palavra testada: money
money eh igual a money
Palavra escaneada: with
Palavra testada: P׺6
Palavra testada: spending
Palavra testada: manage
Palavra testada: responsibility
Palavra testada: expertise
Palavra testada: skill
Palavra testada: money
Palavra escaneada: the
Palavra testada: P׺6
Palavra testada: spending
Palavra testada: manage
Palavra testada: responsibility
Palavra testada: expertise
Palavra testada: skill
Palavra testada: money
Palavra escaneada: assistant
Palavra testada: P׺6
Palavra testada: spending
Palavra testada: manage
Palavra testada: responsibility
Palavra testada: expertise
Palavra testada: skill
Palavra testada: money
Palavra escaneada: whose
Palavra testada: P׺6
Palavra testada: spending
Palavra testada: manage
Palavra testada: responsibility
Palavra testada: expertise
Palavra testada: skill
Palavra testada: money
Palavra escaneada: skill
Palavra testada: P׺6
Palavra testada: spending
Palavra testada: manage
Palavra testada: responsibility
Palavra testada: expertise
Palavra testada: skill
skill eh igual a skill
Palavra escaneada: and
Palavra testada: P׺6
Palavra testada: spending
Palavra testada: manage
Palavra testada: responsibility
Palavra testada: expertise
Palavra testada: skill
Palavra testada: money
Palavra escaneada: expertise
Palavra testada: P׺6
Palavra testada: spending
Palavra testada: manage
Palavra testada: responsibility
Palavra testada: expertise
expertise eh igual a expertise
Palavra escaneada: shall
Palavra testada: P׺6
Palavra testada: spending
Palavra testada: manage
Palavra testada: responsibility
Palavra testada: expertise
Palavra testada: skill
Palavra testada: money
Palavra escaneada: ensure
Palavra testada: P׺6
Palavra testada: spending
Palavra testada: manage
Palavra testada: responsibility
Palavra testada: expertise
Palavra testada: skill
Palavra testada: money
Palavra escaneada: the
Palavra testada: P׺6
Palavra testada: spending
Palavra testada: manage
Palavra testada: responsibility
Palavra testada: expertise
Palavra testada: skill
Palavra testada: money
Palavra escaneada: successful
Palavra testada: P׺6
Palavra testada: spending
Palavra testada: manage
Palavra testada: responsibility
Palavra testada: expertise
Palavra testada: skill
Palavra testada: money
Palavra escaneada: spending
Palavra testada: P׺6
Palavra testada: spending
spending eh igual a spending
Palavra escaneada: exercise
Palavra testada: P׺6
Palavra testada: spending
Palavra testada: manage
Palavra testada: responsibility
Palavra testada: expertise
Palavra testada: skill
Palavra testada: money
Palavra escaneada: .
Palavra testada: P׺6
Palavra testada: spending
Palavra testada: manage
Palavra testada: responsibility
Palavra testada: expertise
Palavra testada: skill
Palavra testada: money
600150
Palavra escaneada: this
Palavra testada: P׺6
Palavra testada: spending
Palavra testada: manage
Palavra testada: responsibility
Palavra testada: expertise
Palavra testada: skill
Palavra testada: money
Palavra escaneada: individual
Palavra testada: P׺6
Palavra testada: spending
Palavra testada: manage
Palavra testada: responsibility
Palavra testada: expertise
Palavra testada: skill
Palavra testada: money
Palavra escaneada: must
Palavra testada: P׺6
Palavra testada: spending
Palavra testada: manage
Palavra testada: responsibility
Palavra testada: expertise
Palavra testada: skill
Palavra testada: money
Palavra escaneada: have
Palavra testada: P׺6
Palavra testada: spending
Palavra testada: manage
Palavra testada: responsibility
Palavra testada: expertise
Palavra testada: skill
Palavra testada: money
Palavra escaneada: the
Palavra testada: P׺6
Palavra testada: spending
Palavra testada: manage
Palavra testada: responsibility
Palavra testada: expertise
Palavra testada: skill
Palavra testada: money
Palavra escaneada: skill
Palavra testada: P׺6
Palavra testada: spending
Palavra testada: manage
Palavra testada: responsibility
Palavra testada: expertise
Palavra testada: skill
skill eh igual a skill
Palavra escaneada: to
Palavra testada: P׺6
Palavra testada: spending
Palavra testada: manage
Palavra testada: responsibility
Palavra testada: expertise
Palavra testada: skill
Palavra testada: money
Palavra escaneada: perform
Palavra testada: P׺6
Palavra testada: spending
Palavra testada: manage
Palavra testada: responsibility
Palavra testada: expertise
Palavra testada: skill
Palavra testada: money
Palavra escaneada: a
Palavra testada: P׺6
Palavra testada: spending
Palavra testada: manage
Palavra testada: responsibility
Palavra testada: expertise
Palavra testada: skill
Palavra testada: money
Palavra escaneada: heart
Palavra testada: P׺6
Palavra testada: spending
Palavra testada: manage
Palavra testada: responsibility
Palavra testada: expertise
Palavra testada: skill
Palavra testada: money
Palavra escaneada: transplant
Palavra testada: P׺6
Palavra testada: spending
Palavra testada: manage
Palavra testada: responsibility
Palavra testada: expertise
Palavra testada: skill
Palavra testada: money
Palavra escaneada: and
Palavra testada: P׺6
Palavra testada: spending
Palavra testada: manage
Palavra testada: responsibility
Palavra testada: expertise
Palavra testada: skill
Palavra testada: money
Palavra escaneada: expertise
Palavra testada: P׺6
Palavra testada: spending
Palavra testada: manage
Palavra testada: responsibility
Palavra testada: expertise
expertise eh igual a expertise
Palavra escaneada: in
Palavra testada: P׺6
Palavra testada: spending
Palavra testada: manage
Palavra testada: responsibility
Palavra testada: expertise
Palavra testada: skill
Palavra testada: money
Palavra escaneada: rocket
Palavra testada: P׺6
Palavra testada: spending
Palavra testada: manage
Palavra testada: responsibility
Palavra testada: expertise
Palavra testada: skill
Palavra testada: money
Palavra escaneada: science
Palavra testada: P׺6
Palavra testada: spending
Palavra testada: manage
Palavra testada: responsibility
Palavra testada: expertise
Palavra testada: skill
Palavra testada: money
Palavra escaneada: .
Palavra testada: P׺6
Palavra testada: spending
Palavra testada: manage
Palavra testada: responsibility
Palavra testada: expertise
Palavra testada: skill
Palavra testada: money
150
